<?xml version="1.0" encoding="UTF-8"?>
<!-- Generated by org.testng.reporters.JUnitXMLReporter -->
<testsuite ignored="0" hostname="XPS9560" failures="10" tests="10" name="Default test" time="2.672" errors="0" timestamp="2020-09-03T15:32:58 IST">
  <testcase classname="io.cucumber.testng.AbstractTestNGCucumberTests" name="runScenario" time="0.196">
    <failure type="java.lang.NullPointerException">
      <![CDATA[java.lang.NullPointerException
at pageObject.HomePagePF.getMobiles(HomePagePF.java:47)
at stepDefs.AmazonHome.i_click_on_mobiles_link(AmazonHome.java:37)
at ✽.I click on Mobiles link(file:///C:/Users/Pradeep/eclipse-workspace/AAFramework/src/test/java/features/AmazonHomeLinks.feature:5)
]]>
    </failure>
  </testcase> <!-- runScenario -->
  <testcase classname="io.cucumber.testng.AbstractTestNGCucumberTests" name="runScenario" time="0.009">
    <failure type="java.lang.NullPointerException">
      <![CDATA[java.lang.NullPointerException
at pageObject.HomePagePF.getBestSellersLink(HomePagePF.java:51)
at stepDefs.AmazonHome.i_click_on_bestsellers_link(AmazonHome.java:55)
at ✽.I click on BestSellers link(file:///C:/Users/Pradeep/eclipse-workspace/AAFramework/src/test/java/features/AmazonHomeLinks.feature:10)
]]>
    </failure>
  </testcase> <!-- runScenario -->
  <testcase classname="io.cucumber.testng.AbstractTestNGCucumberTests" name="runScenario" time="0.009">
    <failure type="java.lang.NullPointerException">
      <![CDATA[java.lang.NullPointerException
at pageObject.HomePagePF.getTodayDealsLink(HomePagePF.java:55)
at stepDefs.AmazonHome.i_click_on_todays_deals_link(AmazonHome.java:71)
at ✽.I click on Todays Deals link(file:///C:/Users/Pradeep/eclipse-workspace/AAFramework/src/test/java/features/AmazonHomeLinks.feature:15)
]]>
    </failure>
  </testcase> <!-- runScenario -->
  <testcase classname="io.cucumber.testng.AbstractTestNGCucumberTests" name="runScenario" time="2.013">
    <failure type="java.lang.NullPointerException">
      <![CDATA[java.lang.NullPointerException
at stepDefs.AmazonHome.i_am_redirected_to_computers_web_page(AmazonHome.java:93)
at ✽.I am redirected to Computers web page(file:///C:/Users/Pradeep/eclipse-workspace/AAFramework/src/test/java/features/AmazonHomeLinks.feature:21)
]]>
    </failure>
  </testcase> <!-- runScenario -->
  <testcase classname="io.cucumber.testng.AbstractTestNGCucumberTests" name="runScenario" time="0.014">
    <failure type="java.lang.NullPointerException">
      <![CDATA[java.lang.NullPointerException
at pageObject.HomePagePF.getPantryLink(HomePagePF.java:63)
at stepDefs.AmazonHome.i_click_on_pantry_link(AmazonHome.java:103)
at ✽.I click on Pantry link(file:///C:/Users/Pradeep/eclipse-workspace/AAFramework/src/test/java/features/AmazonHomeLinks.feature:25)
]]>
    </failure>
  </testcase> <!-- runScenario -->
  <testcase classname="io.cucumber.testng.AbstractTestNGCucumberTests" name="runScenario" time="0.007">
    <failure type="java.lang.NullPointerException">
      <![CDATA[java.lang.NullPointerException
at pageObject.HomePagePF.getBooksLink(HomePagePF.java:67)
at stepDefs.AmazonHome.i_click_on_books_link(AmazonHome.java:119)
at ✽.I click on Books link(file:///C:/Users/Pradeep/eclipse-workspace/AAFramework/src/test/java/features/AmazonHomeLinks.feature:30)
]]>
    </failure>
  </testcase> <!-- runScenario -->
  <testcase classname="io.cucumber.testng.AbstractTestNGCucumberTests" name="runScenario" time="0.007">
    <failure type="java.lang.NullPointerException">
      <![CDATA[java.lang.NullPointerException
at pageObject.HomePagePF.getGiftIdeasLink(HomePagePF.java:71)
at stepDefs.AmazonHome.i_click_on_gift_ideas_link(AmazonHome.java:135)
at ✽.I click on Gift Ideas link(file:///C:/Users/Pradeep/eclipse-workspace/AAFramework/src/test/java/features/AmazonHomeLinks.feature:35)
]]>
    </failure>
  </testcase> <!-- runScenario -->
  <testcase classname="io.cucumber.testng.AbstractTestNGCucumberTests" name="runScenario" time="0.005">
    <failure type="java.lang.NullPointerException">
      <![CDATA[java.lang.NullPointerException
at pageObject.HomePagePF.getNewReleasesLink(HomePagePF.java:75)
at stepDefs.AmazonHome.i_click_on_new_releases_link(AmazonHome.java:151)
at ✽.I click on New Releases link(file:///C:/Users/Pradeep/eclipse-workspace/AAFramework/src/test/java/features/AmazonHomeLinks.feature:40)
]]>
    </failure>
  </testcase> <!-- runScenario -->
  <testcase classname="io.cucumber.testng.AbstractTestNGCucumberTests" name="runScenario" time="0.006">
    <failure type="java.lang.NullPointerException">
      <![CDATA[java.lang.NullPointerException
at pageObject.HomePagePF.getCustomerServicesLink(HomePagePF.java:79)
at stepDefs.AmazonHome.i_click_on_customer_service_link(AmazonHome.java:167)
at ✽.I click on Customer Service link(file:///C:/Users/Pradeep/eclipse-workspace/AAFramework/src/test/java/features/AmazonHomeLinks.feature:45)
]]>
    </failure>
  </testcase> <!-- runScenario -->
  <testcase classname="io.cucumber.testng.AbstractTestNGCucumberTests" name="runScenario" time="0.005">
    <failure type="java.lang.NullPointerException">
      <![CDATA[java.lang.NullPointerException
at pageObject.HomePagePF.getAmazonPayLink(HomePagePF.java:83)
at stepDefs.AmazonHome.i_click_on_amazon_pay_link(AmazonHome.java:183)
at ✽.I click on Amazon Pay link(file:///C:/Users/Pradeep/eclipse-workspace/AAFramework/src/test/java/features/AmazonHomeLinks.feature:50)
]]>
    </failure>
  </testcase> <!-- runScenario -->
</testsuite> <!-- Default test -->
