<?xml version="1.0" encoding="UTF-8"?>
<!-- Generated by org.testng.reporters.JUnitXMLReporter -->
<testsuite ignored="0" hostname="XPS9560" failures="0" tests="3" name="Account and List" time="0.075" errors="0" timestamp="2020-09-01T19:29:14 IST">
  <testcase classname="aaframework.HomeLinks" name="@BeforeMethod browserInitiase" time="0.005">
    <failure type="java.lang.NullPointerException">
      <![CDATA[java.lang.NullPointerException
at resources.Base.initialiseBrowser(Base.java:34)
at aaframework.HomeLinks.browserInitiase(HomeLinks.java:21)
at java.base/java.util.ArrayList.forEach(ArrayList.java:1510)
at java.base/java.util.concurrent.FutureTask.run(FutureTask.java:264)
at java.base/java.util.concurrent.ThreadPoolExecutor.runWorker(ThreadPoolExecutor.java:1130)
at java.base/java.util.concurrent.ThreadPoolExecutor$Worker.run(ThreadPoolExecutor.java:630)
at java.base/java.lang.Thread.run(Thread.java:832)
... Removed 22 stack frames]]>
    </failure>
  </testcase> <!-- @BeforeMethod browserInitiase -->
  <testcase classname="aaframework.AccountAndList" name="@BeforeMethod browserInitiase" time="0.005">
    <failure type="java.lang.NullPointerException">
      <![CDATA[java.lang.NullPointerException
at resources.Base.initialiseBrowser(Base.java:34)
at aaframework.AccountAndList.browserInitiase(AccountAndList.java:26)
at java.base/java.util.ArrayList.forEach(ArrayList.java:1510)
at java.base/java.util.concurrent.FutureTask.run(FutureTask.java:264)
at java.base/java.util.concurrent.ThreadPoolExecutor.runWorker(ThreadPoolExecutor.java:1130)
at java.base/java.util.concurrent.ThreadPoolExecutor$Worker.run(ThreadPoolExecutor.java:630)
at java.base/java.lang.Thread.run(Thread.java:832)
... Removed 22 stack frames]]>
    </failure>
  </testcase> <!-- @BeforeMethod browserInitiase -->
  <testcase classname="aaframework.AccountAndList" name="@AfterMethod tearDown" time="-1.598968754099E9">
    <skipped/>
  </testcase> <!-- @AfterMethod tearDown -->
  <testcase classname="aaframework.HomeLinks" name="@AfterMethod tearDown" time="-1.5989687541E9">
    <skipped/>
  </testcase> <!-- @AfterMethod tearDown -->
  <testcase classname="aaframework.AccountAndList" name="@BeforeMethod browserInitiase" time="-1.598968754102E9">
    <skipped/>
  </testcase> <!-- @BeforeMethod browserInitiase -->
  <testcase classname="aaframework.HomeLinks" name="@BeforeMethod browserInitiase" time="-1.598968754103E9">
    <skipped/>
  </testcase> <!-- @BeforeMethod browserInitiase -->
  <testcase classname="aaframework.AccountAndList" name="@AfterMethod tearDown" time="-1.598968754108E9">
    <skipped/>
  </testcase> <!-- @AfterMethod tearDown -->
  <testcase classname="aaframework.AccountAndList" name="@BeforeMethod browserInitiase" time="-1.59896875411E9">
    <skipped/>
  </testcase> <!-- @BeforeMethod browserInitiase -->
  <testcase classname="aaframework.HomeLinks" name="@AfterMethod tearDown" time="-1.59896875411E9">
    <skipped/>
  </testcase> <!-- @AfterMethod tearDown -->
  <testcase classname="aaframework.HomeLinks" name="@BeforeMethod browserInitiase" time="-1.598968754112E9">
    <skipped/>
  </testcase> <!-- @BeforeMethod browserInitiase -->
  <testcase classname="aaframework.AccountAndList" name="@AfterMethod tearDown" time="-1.598968754114E9">
    <skipped/>
  </testcase> <!-- @AfterMethod tearDown -->
  <testcase classname="aaframework.HomeLinks" name="@AfterMethod tearDown" time="-1.598968754117E9">
    <skipped/>
  </testcase> <!-- @AfterMethod tearDown -->
  <testcase classname="aaframework.HomeLinks" name="@BeforeMethod browserInitiase" time="-1.59896875412E9">
    <skipped/>
  </testcase> <!-- @BeforeMethod browserInitiase -->
  <testcase classname="aaframework.HomeLinks" name="@AfterMethod tearDown" time="-1.598968754124E9">
    <skipped/>
  </testcase> <!-- @AfterMethod tearDown -->
  <testcase classname="aaframework.HomeLinks" name="@BeforeMethod browserInitiase" time="-1.598968754126E9">
    <skipped/>
  </testcase> <!-- @BeforeMethod browserInitiase -->
  <testcase classname="aaframework.HomeLinks" name="@AfterMethod tearDown" time="-1.598968754131E9">
    <skipped/>
  </testcase> <!-- @AfterMethod tearDown -->
  <testcase classname="aaframework.HomeLinks" name="@BeforeMethod browserInitiase" time="-1.598968754134E9">
    <skipped/>
  </testcase> <!-- @BeforeMethod browserInitiase -->
  <testcase classname="aaframework.HomeLinks" name="@AfterMethod tearDown" time="-1.598968754139E9">
    <skipped/>
  </testcase> <!-- @AfterMethod tearDown -->
  <testcase classname="aaframework.HomeLinks" name="@BeforeMethod browserInitiase" time="-1.598968754142E9">
    <skipped/>
  </testcase> <!-- @BeforeMethod browserInitiase -->
  <testcase classname="aaframework.HomeLinks" name="@AfterMethod tearDown" time="-1.598968754147E9">
    <skipped/>
  </testcase> <!-- @AfterMethod tearDown -->
  <testcase classname="aaframework.HomeLinks" name="@BeforeMethod browserInitiase" time="-1.598968754149E9">
    <skipped/>
  </testcase> <!-- @BeforeMethod browserInitiase -->
  <testcase classname="aaframework.AccountAndList" name="DeliberateFail" time="0.0">
    <skipped/>
  </testcase> <!-- DeliberateFail -->
  <testcase classname="aaframework.AccountAndList" name="yourAccountTest" time="0.0">
    <skipped/>
  </testcase> <!-- yourAccountTest -->
  <testcase classname="aaframework.AccountAndList" name="yourLists" time="0.0">
    <skipped/>
  </testcase> <!-- yourLists -->
</testsuite> <!-- Account and List -->
