<?xml version="1.0" encoding="UTF-8"?>
<!-- Generated by org.testng.reporters.JUnitXMLReporter -->
<testsuite ignored="0" hostname="XPS9560" failures="0" tests="11" name="HomeLinks" time="0.136" errors="0" timestamp="2020-09-01T19:29:14 IST">
  <testcase classname="aaframework.HomeLinks" name="@BeforeMethod browserInitiase" time="0.005">
    <failure type="java.lang.NullPointerException">
      <![CDATA[java.lang.NullPointerException
at resources.Base.initialiseBrowser(Base.java:34)
at aaframework.HomeLinks.browserInitiase(HomeLinks.java:21)
at java.base/java.util.ArrayList.forEach(ArrayList.java:1510)
at java.base/java.util.concurrent.FutureTask.run(FutureTask.java:264)
at java.base/java.util.concurrent.ThreadPoolExecutor.runWorker(ThreadPoolExecutor.java:1130)
at java.base/java.util.concurrent.ThreadPoolExecutor$Worker.run(ThreadPoolExecutor.java:630)
at java.base/java.lang.Thread.run(Thread.java:832)
... Removed 22 stack frames]]>
    </failure>
  </testcase> <!-- @BeforeMethod browserInitiase -->
  <testcase classname="aaframework.HomeLinks" name="@AfterMethod tearDown" time="-1.5989687541E9">
    <skipped/>
  </testcase> <!-- @AfterMethod tearDown -->
  <testcase classname="aaframework.HomeLinks" name="@BeforeMethod browserInitiase" time="-1.598968754103E9">
    <skipped/>
  </testcase> <!-- @BeforeMethod browserInitiase -->
  <testcase classname="aaframework.HomeLinks" name="@AfterMethod tearDown" time="-1.59896875411E9">
    <skipped/>
  </testcase> <!-- @AfterMethod tearDown -->
  <testcase classname="aaframework.HomeLinks" name="@BeforeMethod browserInitiase" time="-1.598968754112E9">
    <skipped/>
  </testcase> <!-- @BeforeMethod browserInitiase -->
  <testcase classname="aaframework.HomeLinks" name="@AfterMethod tearDown" time="-1.598968754117E9">
    <skipped/>
  </testcase> <!-- @AfterMethod tearDown -->
  <testcase classname="aaframework.HomeLinks" name="@BeforeMethod browserInitiase" time="-1.59896875412E9">
    <skipped/>
  </testcase> <!-- @BeforeMethod browserInitiase -->
  <testcase classname="aaframework.HomeLinks" name="@AfterMethod tearDown" time="-1.598968754124E9">
    <skipped/>
  </testcase> <!-- @AfterMethod tearDown -->
  <testcase classname="aaframework.HomeLinks" name="@BeforeMethod browserInitiase" time="-1.598968754126E9">
    <skipped/>
  </testcase> <!-- @BeforeMethod browserInitiase -->
  <testcase classname="aaframework.HomeLinks" name="@AfterMethod tearDown" time="-1.598968754131E9">
    <skipped/>
  </testcase> <!-- @AfterMethod tearDown -->
  <testcase classname="aaframework.HomeLinks" name="@BeforeMethod browserInitiase" time="-1.598968754134E9">
    <skipped/>
  </testcase> <!-- @BeforeMethod browserInitiase -->
  <testcase classname="aaframework.HomeLinks" name="@AfterMethod tearDown" time="-1.598968754139E9">
    <skipped/>
  </testcase> <!-- @AfterMethod tearDown -->
  <testcase classname="aaframework.HomeLinks" name="@BeforeMethod browserInitiase" time="-1.598968754142E9">
    <skipped/>
  </testcase> <!-- @BeforeMethod browserInitiase -->
  <testcase classname="aaframework.HomeLinks" name="@AfterMethod tearDown" time="-1.598968754147E9">
    <skipped/>
  </testcase> <!-- @AfterMethod tearDown -->
  <testcase classname="aaframework.HomeLinks" name="@BeforeMethod browserInitiase" time="-1.598968754149E9">
    <skipped/>
  </testcase> <!-- @BeforeMethod browserInitiase -->
  <testcase classname="aaframework.HomeLinks" name="@AfterMethod tearDown" time="-1.598968754153E9">
    <skipped/>
  </testcase> <!-- @AfterMethod tearDown -->
  <testcase classname="aaframework.HomeLinks" name="@BeforeMethod browserInitiase" time="-1.598968754155E9">
    <skipped/>
  </testcase> <!-- @BeforeMethod browserInitiase -->
  <testcase classname="aaframework.HomeLinks" name="@AfterMethod tearDown" time="-1.59896875416E9">
    <skipped/>
  </testcase> <!-- @AfterMethod tearDown -->
  <testcase classname="aaframework.HomeLinks" name="@BeforeMethod browserInitiase" time="-1.598968754164E9">
    <skipped/>
  </testcase> <!-- @BeforeMethod browserInitiase -->
  <testcase classname="aaframework.HomeLinks" name="@AfterMethod tearDown" time="-1.598968754169E9">
    <skipped/>
  </testcase> <!-- @AfterMethod tearDown -->
  <testcase classname="aaframework.HomeLinks" name="@BeforeMethod browserInitiase" time="-1.598968754171E9">
    <skipped/>
  </testcase> <!-- @BeforeMethod browserInitiase -->
  <testcase classname="aaframework.HomeLinks" name="@AfterMethod tearDown" time="-1.598968754175E9">
    <skipped/>
  </testcase> <!-- @AfterMethod tearDown -->
  <testcase classname="aaframework.HomeLinks" name="amazonPayTest" time="0.0">
    <skipped/>
  </testcase> <!-- amazonPayTest -->
  <testcase classname="aaframework.HomeLinks" name="bestSellersTest" time="0.0">
    <skipped/>
  </testcase> <!-- bestSellersTest -->
  <testcase classname="aaframework.HomeLinks" name="booksTest" time="0.0">
    <skipped/>
  </testcase> <!-- booksTest -->
  <testcase classname="aaframework.HomeLinks" name="computersTest" time="0.0">
    <skipped/>
  </testcase> <!-- computersTest -->
  <testcase classname="aaframework.HomeLinks" name="customerServiceTest" time="0.0">
    <skipped/>
  </testcase> <!-- customerServiceTest -->
  <testcase classname="aaframework.HomeLinks" name="giftIdeasTest" time="0.0">
    <skipped/>
  </testcase> <!-- giftIdeasTest -->
  <testcase classname="aaframework.HomeLinks" name="mobileLinkTest" time="0.0">
    <skipped/>
  </testcase> <!-- mobileLinkTest -->
  <testcase classname="aaframework.HomeLinks" name="newReleasesTest" time="0.0">
    <skipped/>
  </testcase> <!-- newReleasesTest -->
  <testcase classname="aaframework.HomeLinks" name="pantryTest" time="0.0">
    <skipped/>
  </testcase> <!-- pantryTest -->
  <testcase classname="aaframework.HomeLinks" name="sellTest" time="0.0">
    <skipped/>
  </testcase> <!-- sellTest -->
  <testcase classname="aaframework.HomeLinks" name="todaysDealsTest" time="0.0">
    <skipped/>
  </testcase> <!-- todaysDealsTest -->
</testsuite> <!-- HomeLinks -->
