<?xml version="1.0" encoding="UTF-8"?>
<testsuite xmlns:xsi="http://www.w3.org/2001/XMLSchema-instance" xsi:noNamespaceSchemaLocation="https://maven.apache.org/surefire/maven-surefire-plugin/xsd/surefire-test-report-3.0.xsd" version="3.0" name="TestSuite" time="159.053" tests="12" errors="0" skipped="0" failures="0">
  <properties>
[...]
</properties>
  <testcase name="runScenario[&quot;Your List options has appropriate list options displayed&quot;, &quot;Optional[Verify Amazon India - Accounts and Link menubar have appropriate options for List and Accounts nario: Mobile link is working on Amazon home page]&quot;](1)" classname="cucumberOptions.TestRunner" time="14.483">
    <system-out><![CDATA[firefox
Your actual list menu size is: 5
Create a Wish List
Find a Wish List
Wish from Any Website
Baby Wish List
Discover Your Style
]]></system-out>
    <system-err><![CDATA[1599128950952	mozrunner::runner	INFO	Running command: "C:\\Program Files\\Mozilla Firefox\\firefox.exe" "-marionette" "-foreground" "-no-remote" "-profile" "C:\\Users\\Pradeep\\AppData\\Local\\Temp\\rust_mozprofilefUvRXq"
JavaScript error: resource://gre/modules/XULStore.jsm, line 66: Error: Can't find profile directory.
console.error: SearchCache: "_readCacheFile: Error reading cache file:" (new Error("", "(unknown module)"))
1599128954229	Marionette	INFO	Listening on port 62511
1599128954653	Marionette	WARN	TLS certificate errors will be ignored for this session
Sep 03, 2020 3:59:14 PM org.openqa.selenium.remote.ProtocolHandshake createSession
INFO: Detected dialect: W3C
JavaScript error: resource://gre/modules/URIFixup.jsm, line 271: NS_ERROR_FAILURE: Should pass a non-null uri
1599128962918	Marionette	INFO	Stopped listening on port 62511

###!!! [Child][RunMessage] Error: Channel closing: too late to send/recv, messages will be lost


###!!! [Child][MessageChannel::SendAndWait] Error: Channel error: cannot send/recv

]]></system-err>
  </testcase>
  <testcase name="runScenario[&quot;Your Account section has appropriate list options displayed&quot;, &quot;Optional[Verify Amazon India - Accounts and Link menubar have appropriate options for List and Accounts nario: Mobile link is working on Amazon home page]&quot;](2)" classname="cucumberOptions.TestRunner" time="20.183">
    <system-out><![CDATA[firefox
Your Account menu size is: 11

Your Orders
Your Wish List
Your Recommendations
Your Prime Membership
Your Prime Video
Your Subscribe & Save Items
Memberships & Subscriptions
Your Amazon Business Account
Your Seller Account
Manage Your Content and Devices
]]></system-out>
    <system-err><![CDATA[1599128964771	mozrunner::runner	INFO	Running command: "C:\\Program Files\\Mozilla Firefox\\firefox.exe" "-marionette" "-foreground" "-no-remote" "-profile" "C:\\Users\\Pradeep\\AppData\\Local\\Temp\\rust_mozprofileDD8Qgw"
JavaScript error: resource://gre/modules/XULStore.jsm, line 66: Error: Can't find profile directory.
console.error: SearchCache: "_readCacheFile: Error reading cache file:" (new Error("", "(unknown module)"))
1599128968274	Marionette	INFO	Listening on port 62639
1599128968483	Marionette	WARN	TLS certificate errors will be ignored for this session
Sep 03, 2020 3:59:28 PM org.openqa.selenium.remote.ProtocolHandshake createSession
INFO: Detected dialect: W3C
JavaScript error: resource://gre/modules/URIFixup.jsm, line 271: NS_ERROR_FAILURE: Should pass a non-null uri
1599128982998	Marionette	INFO	Stopped listening on port 62639

###!!! [Child][RunMessage] Error: Channel closing: too late to send/recv, messages will be lost


###!!! [Child][MessageChannel::SendAndWait] Error: Channel error: cannot send/recv

]]></system-err>
  </testcase>
  <testcase name="runScenario[&quot;Mobile link is working on Amazon home page&quot;, &quot;Optional[Verify Amazon India home page header links are working and redirected to respective pages]&quot;](3)" classname="cucumberOptions.TestRunner" time="13.051">
    <system-out><![CDATA[firefox
]]></system-out>
    <system-err><![CDATA[1599128984976	mozrunner::runner	INFO	Running command: "C:\\Program Files\\Mozilla Firefox\\firefox.exe" "-marionette" "-foreground" "-no-remote" "-profile" "C:\\Users\\Pradeep\\AppData\\Local\\Temp\\rust_mozprofile2plalw"
JavaScript error: resource://gre/modules/XULStore.jsm, line 66: Error: Can't find profile directory.
console.error: SearchCache: "_readCacheFile: Error reading cache file:" (new Error("", "(unknown module)"))
1599128988145	Marionette	INFO	Listening on port 62763
1599128988168	Marionette	WARN	TLS certificate errors will be ignored for this session
Sep 03, 2020 3:59:48 PM org.openqa.selenium.remote.ProtocolHandshake createSession
INFO: Detected dialect: W3C
JavaScript error: resource://gre/modules/URIFixup.jsm, line 271: NS_ERROR_FAILURE: Should pass a non-null uri
1599128995812	Marionette	INFO	Stopped listening on port 62763

###!!! [Child][RunMessage] Error: Channel closing: too late to send/recv, messages will be lost


###!!! [Child][RunMessage] Error: Channel closing: too late to send/recv, messages will be lost


###!!! [Child][RunMessage] Error: Channel closing: too late to send/recv, messages will be lost


###!!! [Child][RunMessage] Error: Channel closing: too late to send/recv, messages will be lost


###!!! [Child][RunMessage] Error: Channel closing: too late to send/recv, messages will be lost


###!!! [Child][RunMessage] Error: Channel closing: too late to send/recv, messages will be lost


###!!! [Child][RunMessage] Error: Channel closing: too late to send/recv, messages will be lost


###!!! [Child][RunMessage] Error: Channel closing: too late to send/recv, messages will be lost


###!!! [Child][RunMessage] Error: Channel closing: too late to send/recv, messages will be lost


###!!! [Child][MessageChannel::SendAndWait] Error: Channel error: cannot send/recv

]]></system-err>
  </testcase>
  <testcase name="runScenario[&quot;Best Sellers link is working on Amazon home page&quot;, &quot;Optional[Verify Amazon India home page header links are working and redirected to respective pages]&quot;](4)" classname="cucumberOptions.TestRunner" time="11.982">
    <system-out><![CDATA[firefox
]]></system-out>
    <system-err><![CDATA[1599128998022	mozrunner::runner	INFO	Running command: "C:\\Program Files\\Mozilla Firefox\\firefox.exe" "-marionette" "-foreground" "-no-remote" "-profile" "C:\\Users\\Pradeep\\AppData\\Local\\Temp\\rust_mozprofileoLTDLP"
JavaScript error: resource://gre/modules/XULStore.jsm, line 66: Error: Can't find profile directory.
console.error: SearchCache: "_readCacheFile: Error reading cache file:" (new Error("", "(unknown module)"))
1599129001103	Marionette	INFO	Listening on port 62869
1599129001224	Marionette	WARN	TLS certificate errors will be ignored for this session
Sep 03, 2020 4:00:01 PM org.openqa.selenium.remote.ProtocolHandshake createSession
INFO: Detected dialect: W3C
JavaScript error: resource://gre/modules/URIFixup.jsm, line 271: NS_ERROR_FAILURE: Should pass a non-null uri
1599129007373	Marionette	INFO	Stopped listening on port 62869
[Child 33144, Chrome_ChildThread] WARNING: pipe error: 232: file /builds/worker/checkouts/gecko/ipc/chromium/src/chrome/common/ipc_channel_win.cc, line 545
[Child 33144, Chrome_ChildThread] WARNING: pipe error: 232: file /builds/worker/checkouts/gecko/ipc/chromium/src/chrome/common/ipc_channel_win.cc, line 545
[Child 33144, Chrome_ChildThread] WARNING: pipe error: 232: file /builds/worker/checkouts/gecko/ipc/chromium/src/chrome/common/ipc_channel_win.cc, line 545
[Child 33144, Chrome_ChildThread] WARNING: pipe error: 232: file /builds/worker/checkouts/gecko/ipc/chromium/src/chrome/common/ipc_channel_win.cc, line 545

###!!! [Child][RunMessage] Error: Channel closing: too late to send/recv, messages will be lost


###!!! [Child][RunMessage] Error: Channel closing: too late to send/recv, messages will be lost


###!!! [Child][RunMessage] Error: Channel closing: too late to send/recv, messages will be lost


###!!! [Child][RunMessage] Error: Channel closing: too late to send/recv, messages will be lost


###!!! [Child][RunMessage] Error: Channel closing: too late to send/recv, messages will be lost


###!!! [Child][RunMessage] Error: Channel closing: too late to send/recv, messages will be lost


###!!! [Child][RunMessage] Error: Channel closing: too late to send/recv, messages will be lost


###!!! [Child][RunMessage] Error: Channel closing: too late to send/recv, messages will be lost


###!!! [Child][RunMessage] Error: Channel closing: too late to send/recv, messages will be lost


###!!! [Child][RunMessage] Error: Channel closing: too late to send/recv, messages will be lost


###!!! [Child][RunMessage] Error: Channel closing: too late to send/recv, messages will be lost


###!!! [Child][RunMessage] Error: Channel closing: too late to send/recv, messages will be lost


###!!! [Child][RunMessage] Error: Channel closing: too late to send/recv, messages will be lost


###!!! [Child][RunMessage] Error: Channel closing: too late to send/recv, messages will be lost


###!!! [Child][RunMessage] Error: Channel closing: too late to send/recv, messages will be lost


###!!! [Child][RunMessage] Error: Channel closing: too late to send/recv, messages will be lost


###!!! [Child][RunMessage] Error: Channel closing: too late to send/recv, messages will be lost


###!!! [Child][RunMessage] Error: Channel closing: too late to send/recv, messages will be lost


###!!! [Child][RunMessage] Error: Channel closing: too late to send/recv, messages will be lost


###!!! [Child][RunMessage] Error: Channel closing: too late to send/recv, messages will be lost


###!!! [Child][RunMessage] Error: Channel closing: too late to send/recv, messages will be lost


###!!! [Child][MessageChannel::SendAndWait] Error: Channel error: cannot send/recv

]]></system-err>
  </testcase>
  <testcase name="runScenario[&quot;Todays Deals link is working on Amazon home page&quot;, &quot;Optional[Verify Amazon India home page header links are working and redirected to respective pages]&quot;](5)" classname="cucumberOptions.TestRunner" time="11.816">
    <system-out><![CDATA[firefox
]]></system-out>
    <system-err><![CDATA[1599129010011	mozrunner::runner	INFO	Running command: "C:\\Program Files\\Mozilla Firefox\\firefox.exe" "-marionette" "-foreground" "-no-remote" "-profile" "C:\\Users\\Pradeep\\AppData\\Local\\Temp\\rust_mozprofilexmvh9R"
JavaScript error: resource://gre/modules/XULStore.jsm, line 66: Error: Can't find profile directory.
console.error: SearchCache: "_readCacheFile: Error reading cache file:" (new Error("", "(unknown module)"))
1599129013113	Marionette	INFO	Listening on port 62951
1599129013199	Marionette	WARN	TLS certificate errors will be ignored for this session
Sep 03, 2020 4:00:13 PM org.openqa.selenium.remote.ProtocolHandshake createSession
INFO: Detected dialect: W3C
JavaScript error: resource://gre/modules/URIFixup.jsm, line 271: NS_ERROR_FAILURE: Should pass a non-null uri
1599129019533	Marionette	INFO	Stopped listening on port 62951

###!!! [Child][RunMessage] Error: Channel closing: too late to send/recv, messages will be lost


###!!! [Child][MessageChannel::SendAndWait] Error: Channel error: cannot send/recv

]]></system-err>
  </testcase>
  <testcase name="runScenario[&quot;Computers link is working on Amazon home page&quot;, &quot;Optional[Verify Amazon India home page header links are working and redirected to respective pages]&quot;](6)" classname="cucumberOptions.TestRunner" time="11.645">
    <system-out><![CDATA[firefox
]]></system-out>
    <system-err><![CDATA[1599129021827	mozrunner::runner	INFO	Running command: "C:\\Program Files\\Mozilla Firefox\\firefox.exe" "-marionette" "-foreground" "-no-remote" "-profile" "C:\\Users\\Pradeep\\AppData\\Local\\Temp\\rust_mozprofileyOcQ9P"
JavaScript error: resource://gre/modules/XULStore.jsm, line 66: Error: Can't find profile directory.
console.error: SearchCache: "_readCacheFile: Error reading cache file:" (new Error("", "(unknown module)"))
1599129024847	Marionette	INFO	Listening on port 63019
1599129025025	Marionette	WARN	TLS certificate errors will be ignored for this session
Sep 03, 2020 4:00:25 PM org.openqa.selenium.remote.ProtocolHandshake createSession
INFO: Detected dialect: W3C
JavaScript error: resource://gre/modules/URIFixup.jsm, line 271: NS_ERROR_FAILURE: Should pass a non-null uri
1599129031521	Marionette	INFO	Stopped listening on port 63019

###!!! [Child][RunMessage] Error: Channel closing: too late to send/recv, messages will be lost


###!!! [Child][MessageChannel::SendAndWait] Error: Channel error: cannot send/recv

]]></system-err>
  </testcase>
  <testcase name="runScenario[&quot;Pantry link is working on Amazon home page&quot;, &quot;Optional[Verify Amazon India home page header links are working and redirected to respective pages]&quot;](7)" classname="cucumberOptions.TestRunner" time="13.223">
    <system-out><![CDATA[firefox
]]></system-out>
    <system-err><![CDATA[1599129033467	mozrunner::runner	INFO	Running command: "C:\\Program Files\\Mozilla Firefox\\firefox.exe" "-marionette" "-foreground" "-no-remote" "-profile" "C:\\Users\\Pradeep\\AppData\\Local\\Temp\\rust_mozprofile29AjHl"
JavaScript error: resource://gre/modules/XULStore.jsm, line 66: Error: Can't find profile directory.
console.error: SearchCache: "_readCacheFile: Error reading cache file:" (new Error("", "(unknown module)"))
1599129036833	Marionette	INFO	Listening on port 63119
1599129037168	Marionette	WARN	TLS certificate errors will be ignored for this session
Sep 03, 2020 4:00:37 PM org.openqa.selenium.remote.ProtocolHandshake createSession
INFO: Detected dialect: W3C
JavaScript error: resource://gre/modules/URIFixup.jsm, line 271: NS_ERROR_FAILURE: Should pass a non-null uri
1599129044399	Marionette	INFO	Stopped listening on port 63119

###!!! [Child][RunMessage] Error: Channel closing: too late to send/recv, messages will be lost


###!!! [Child][RunMessage] Error: Channel closing: too late to send/recv, messages will be lost


###!!! [Child][RunMessage] Error: Channel closing: too late to send/recv, messages will be lost


###!!! [Child][MessageChannel::SendAndWait] Error: Channel error: cannot send/recv

]]></system-err>
  </testcase>
  <testcase name="runScenario[&quot;Books link is working on Amazon home page&quot;, &quot;Optional[Verify Amazon India home page header links are working and redirected to respective pages]&quot;](8)" classname="cucumberOptions.TestRunner" time="13.047">
    <system-out><![CDATA[firefox
]]></system-out>
    <system-err><![CDATA[1599129046704	mozrunner::runner	INFO	Running command: "C:\\Program Files\\Mozilla Firefox\\firefox.exe" "-marionette" "-foreground" "-no-remote" "-profile" "C:\\Users\\Pradeep\\AppData\\Local\\Temp\\rust_mozprofilep2YdNc"
JavaScript error: resource://gre/modules/XULStore.jsm, line 66: Error: Can't find profile directory.
console.error: SearchCache: "_readCacheFile: Error reading cache file:" (new Error("", "(unknown module)"))
1599129049957	Marionette	INFO	Listening on port 63215
1599129050410	Marionette	WARN	TLS certificate errors will be ignored for this session
Sep 03, 2020 4:00:50 PM org.openqa.selenium.remote.ProtocolHandshake createSession
INFO: Detected dialect: W3C
JavaScript error: resource://gre/modules/URIFixup.jsm, line 271: NS_ERROR_FAILURE: Should pass a non-null uri
1599129057501	Marionette	INFO	Stopped listening on port 63215

###!!! [Child][RunMessage] Error: Channel closing: too late to send/recv, messages will be lost


###!!! [Child][MessageChannel::SendAndWait] Error: Channel error: cannot send/recv

]]></system-err>
  </testcase>
  <testcase name="runScenario[&quot;Gift Ideas link is working on Amazon home page&quot;, &quot;Optional[Verify Amazon India home page header links are working and redirected to respective pages]&quot;](9)" classname="cucumberOptions.TestRunner" time="11.362">
    <system-out><![CDATA[firefox
]]></system-out>
    <system-err><![CDATA[1599129059728	mozrunner::runner	INFO	Running command: "C:\\Program Files\\Mozilla Firefox\\firefox.exe" "-marionette" "-foreground" "-no-remote" "-profile" "C:\\Users\\Pradeep\\AppData\\Local\\Temp\\rust_mozprofilelzpA9o"
JavaScript error: resource://gre/modules/XULStore.jsm, line 66: Error: Can't find profile directory.
console.error: SearchCache: "_readCacheFile: Error reading cache file:" (new Error("", "(unknown module)"))
1599129062959	Marionette	INFO	Listening on port 63317
1599129063431	Marionette	WARN	TLS certificate errors will be ignored for this session
Sep 03, 2020 4:01:03 PM org.openqa.selenium.remote.ProtocolHandshake createSession
INFO: Detected dialect: W3C
JavaScript error: resource://gre/modules/URIFixup.jsm, line 271: NS_ERROR_FAILURE: Should pass a non-null uri
1599129069177	Marionette	INFO	Stopped listening on port 63317
[Child 50852, Chrome_ChildThread] WARNING: pipe error: 232: file /builds/worker/checkouts/gecko/ipc/chromium/src/chrome/common/ipc_channel_win.cc, line 545

###!!! [Child][RunMessage] Error: Channel closing: too late to send/recv, messages will be lost


###!!! [Child][RunMessage] Error: Channel closing: too late to send/recv, messages will be lost


###!!! [Child][RunMessage] Error: Channel closing: too late to send/recv, messages will be lost


###!!! [Child][RunMessage] Error: Channel closing: too late to send/recv, messages will be lost


###!!! [Child][RunMessage] Error: Channel closing: too late to send/recv, messages will be lost


###!!! [Child][RunMessage] Error: Channel closing: too late to send/recv, messages will be lost


###!!! [Child][RunMessage] Error: Channel closing: too late to send/recv, messages will be lost


###!!! [Child][RunMessage] Error: Channel closing: too late to send/recv, messages will be lost


###!!! [Child][RunMessage] Error: Channel closing: too late to send/recv, messages will be lost


###!!! [Child][RunMessage] Error: Channel closing: too late to send/recv, messages will be lost


###!!! [Child][RunMessage] Error: Channel closing: too late to send/recv, messages will be lost


###!!! [Child][RunMessage] Error: Channel closing: too late to send/recv, messages will be lost


###!!! [Child][RunMessage] Error: Channel closing: too late to send/recv, messages will be lost


###!!! [Child][MessageChannel::SendAndWait] Error: Channel error: cannot send/recv

]]></system-err>
  </testcase>
  <testcase name="runScenario[&quot;New Releases link is working on Amazon home page&quot;, &quot;Optional[Verify Amazon India home page header links are working and redirected to respective pages]&quot;](10)" classname="cucumberOptions.TestRunner" time="12.451">
    <system-out><![CDATA[firefox
]]></system-out>
    <system-err><![CDATA[1599129071103	mozrunner::runner	INFO	Running command: "C:\\Program Files\\Mozilla Firefox\\firefox.exe" "-marionette" "-foreground" "-no-remote" "-profile" "C:\\Users\\Pradeep\\AppData\\Local\\Temp\\rust_mozprofile33ylB5"
JavaScript error: resource://gre/modules/XULStore.jsm, line 66: Error: Can't find profile directory.
console.error: SearchCache: "_readCacheFile: Error reading cache file:" (new Error("", "(unknown module)"))
1599129074631	Marionette	INFO	Listening on port 63389
1599129074777	Marionette	WARN	TLS certificate errors will be ignored for this session
Sep 03, 2020 4:01:14 PM org.openqa.selenium.remote.ProtocolHandshake createSession
INFO: Detected dialect: W3C
JavaScript error: resource://gre/modules/URIFixup.jsm, line 271: NS_ERROR_FAILURE: Should pass a non-null uri
1599129081435	Marionette	INFO	Stopped listening on port 63389

###!!! [Child][MessageChannel] Error: (msgtype=0x390138,name=PContent::Msg_ScriptError) Channel closing: too late to send/recv, messages will be lost


###!!! [Child][MessageChannel] Error: (msgtype=0x390138,name=PContent::Msg_ScriptError) Channel closing: too late to send/recv, messages will be lost


###!!! [Child][RunMessage] Error: Channel closing: too late to send/recv, messages will be lost


###!!! [Child][RunMessage] Error: Channel closing: too late to send/recv, messages will be lost


###!!! [Child][RunMessage] Error: Channel closing: too late to send/recv, messages will be lost


###!!! [Child][RunMessage] Error: Channel closing: too late to send/recv, messages will be lost


###!!! [Child][RunMessage] Error: Channel closing: too late to send/recv, messages will be lost


###!!! [Child][RunMessage] Error: Channel closing: too late to send/recv, messages will be lost


###!!! [Child][RunMessage] Error: Channel closing: too late to send/recv, messages will be lost


###!!! [Child][RunMessage] Error: Channel closing: too late to send/recv, messages will be lost


###!!! [Child][RunMessage] Error: Channel closing: too late to send/recv, messages will be lost


###!!! [Child][RunMessage] Error: Channel closing: too late to send/recv, messages will be lost


###!!! [Child][RunMessage] Error: Channel closing: too late to send/recv, messages will be lost


###!!! [Child][RunMessage] Error: Channel closing: too late to send/recv, messages will be lost


###!!! [Child][RunMessage] Error: Channel closing: too late to send/recv, messages will be lost


###!!! [Child][RunMessage] Error: Channel closing: too late to send/recv, messages will be lost


###!!! [Child][RunMessage] Error: Channel closing: too late to send/recv, messages will be lost


###!!! [Child][RunMessage] Error: Channel closing: too late to send/recv, messages will be lost


###!!! [Child][RunMessage] Error: Channel closing: too late to send/recv, messages will be lost


###!!! [Child][RunMessage] Error: Channel closing: too late to send/recv, messages will be lost


###!!! [Child][RunMessage] Error: Channel closing: too late to send/recv, messages will be lost


###!!! [Child][RunMessage] Error: Channel closing: too late to send/recv, messages will be lost


###!!! [Child][RunMessage] Error: Channel closing: too late to send/recv, messages will be lost


###!!! [Child][RunMessage] Error: Channel closing: too late to send/recv, messages will be lost


###!!! [Child][RunMessage] Error: Channel closing: too late to send/recv, messages will be lost


###!!! [Child][MessageChannel::SendAndWait] Error: Channel error: cannot send/recv

]]></system-err>
  </testcase>
  <testcase name="runScenario[&quot;Customer Service link is working on Amazon home page&quot;, &quot;Optional[Verify Amazon India home page header links are working and redirected to respective pages]&quot;](11)" classname="cucumberOptions.TestRunner" time="11.897">
    <system-out><![CDATA[firefox
]]></system-out>
    <system-err><![CDATA[1599129083551	mozrunner::runner	INFO	Running command: "C:\\Program Files\\Mozilla Firefox\\firefox.exe" "-marionette" "-foreground" "-no-remote" "-profile" "C:\\Users\\Pradeep\\AppData\\Local\\Temp\\rust_mozprofileU6dOj7"
JavaScript error: resource://gre/modules/XULStore.jsm, line 66: Error: Can't find profile directory.
console.error: SearchCache: "_readCacheFile: Error reading cache file:" (new Error("", "(unknown module)"))
1599129087290	Marionette	INFO	Listening on port 63496
1599129087773	Marionette	WARN	TLS certificate errors will be ignored for this session
Sep 03, 2020 4:01:27 PM org.openqa.selenium.remote.ProtocolHandshake createSession
INFO: Detected dialect: W3C
JavaScript error: resource://gre/modules/URIFixup.jsm, line 271: NS_ERROR_FAILURE: Should pass a non-null uri
1599129093564	Marionette	INFO	Stopped listening on port 63496

###!!! [Child][RunMessage] Error: Channel closing: too late to send/recv, messages will be lost


###!!! [Child][MessageChannel::SendAndWait] Error: Channel error: cannot send/recv

]]></system-err>
  </testcase>
  <testcase name="runScenario[&quot;Amazon Pay link is working on Amazon home page&quot;, &quot;Optional[Verify Amazon India home page header links are working and redirected to respective pages]&quot;](12)" classname="cucumberOptions.TestRunner" time="12.482">
    <system-out><![CDATA[firefox
]]></system-out>
    <system-err><![CDATA[1599129095442	mozrunner::runner	INFO	Running command: "C:\\Program Files\\Mozilla Firefox\\firefox.exe" "-marionette" "-foreground" "-no-remote" "-profile" "C:\\Users\\Pradeep\\AppData\\Local\\Temp\\rust_mozprofileL9eb29"
JavaScript error: resource://gre/modules/XULStore.jsm, line 66: Error: Can't find profile directory.
console.error: SearchCache: "_readCacheFile: Error reading cache file:" (new Error("", "(unknown module)"))
1599129098842	Marionette	INFO	Listening on port 63607
1599129099139	Marionette	WARN	TLS certificate errors will be ignored for this session
Sep 03, 2020 4:01:39 PM org.openqa.selenium.remote.ProtocolHandshake createSession
INFO: Detected dialect: W3C
JavaScript error: resource://gre/modules/URIFixup.jsm, line 271: NS_ERROR_FAILURE: Should pass a non-null uri
1599129106105	Marionette	INFO	Stopped listening on port 63607
[Child 50388, Chrome_ChildThread] WARNING: pipe error: 232: file /builds/worker/checkouts/gecko/ipc/chromium/src/chrome/common/ipc_channel_win.cc, line 545

###!!! [Child][RunMessage] Error: Channel closing: too late to send/recv, messages will be lost


###!!! [Child][RunMessage] Error: Channel closing: too late to send/recv, messages will be lost


###!!! [Child][RunMessage] Error: Channel closing: too late to send/recv, messages will be lost


###!!! [Child][MessageChannel::SendAndWait] Error: Channel error: cannot send/recv

]]></system-err>
  </testcase>
</testsuite>